<?xml version="1.0" encoding="UTF-8"?>
<!-- Generated by org.testng.reporters.JUnitReportReporter -->
<testsuite hostname="Cartoon" failures="0" tests="1" name="ReadDataFromCmdTest" time="0.015" errors="0" timestamp="2021-12-10T16:35:18 IST" skipped="0">
  <testcase classname="ReadDataFromCmdTest" name="resd" time="0.015"/>
  <system-out/>
</testsuite> <!-- ReadDataFromCmdTest -->
